<?xml version="1.0" encoding="UTF-8"?>
<testng-results ignored="0" total="6" passed="6" failed="0" skipped="0">
  <reporter-output>
  </reporter-output>
  <suite started-at="2023-12-23T13:20:02 IST" name="Default suite" finished-at="2023-12-23T13:20:06 IST" duration-ms="3443">
    <groups>
    </groups>
    <test started-at="2023-12-23T13:20:02 IST" name="Default test" finished-at="2023-12-23T13:20:06 IST" duration-ms="3443">
      <class name="medicarecapstone.GetMedicine">
        <test-method signature="add_Product()[pri:3, instance:medicarecapstone.GetMedicine@72d1ad2e]" started-at="2023-12-23T13:20:02 IST" name="add_Product" finished-at="2023-12-23T13:20:05 IST" duration-ms="3017" status="PASS">
          <reporter-output>
          </reporter-output>
        </test-method> <!-- add_Product -->
        <test-method signature="update_ProductName()[pri:4, instance:medicarecapstone.GetMedicine@72d1ad2e]" started-at="2023-12-23T13:20:05 IST" name="update_ProductName" finished-at="2023-12-23T13:20:05 IST" duration-ms="73" status="PASS">
          <reporter-output>
          </reporter-output>
        </test-method> <!-- update_ProductName -->
        <test-method signature="update_ProductStatus()[pri:5, instance:medicarecapstone.GetMedicine@72d1ad2e]" started-at="2023-12-23T13:20:05 IST" name="update_ProductStatus" finished-at="2023-12-23T13:20:05 IST" duration-ms="68" status="PASS">
          <reporter-output>
          </reporter-output>
        </test-method> <!-- update_ProductStatus -->
        <test-method signature="deleteProduct()[pri:6, instance:medicarecapstone.GetMedicine@72d1ad2e]" started-at="2023-12-23T13:20:05 IST" name="deleteProduct" finished-at="2023-12-23T13:20:06 IST" duration-ms="70" status="PASS">
          <reporter-output>
          </reporter-output>
        </test-method> <!-- deleteProduct -->
        <test-method signature="get_all_products()[pri:49, instance:medicarecapstone.GetMedicine@72d1ad2e]" started-at="2023-12-23T13:20:06 IST" name="get_all_products" finished-at="2023-12-23T13:20:06 IST" duration-ms="53" status="PASS">
          <reporter-output>
          </reporter-output>
        </test-method> <!-- get_all_products -->
        <test-method signature="get_all_registered_users()[pri:50, instance:medicarecapstone.GetMedicine@72d1ad2e]" started-at="2023-12-23T13:20:06 IST" name="get_all_registered_users" finished-at="2023-12-23T13:20:06 IST" duration-ms="57" status="PASS">
          <reporter-output>
          </reporter-output>
        </test-method> <!-- get_all_registered_users -->
      </class> <!-- medicarecapstone.GetMedicine -->
    </test> <!-- Default test -->
  </suite> <!-- Default suite -->
</testng-results>
