<?xml version="1.0" encoding="UTF-8"?>
<!-- Generated by org.testng.reporters.JUnitXMLReporter -->
<testsuite ignored="0" hostname="DESKTOP-4GR1QTA" failures="0" tests="6" name="Default test" time="3.443" errors="0" timestamp="2023-12-23T13:20:06 IST">
  <testcase classname="medicarecapstone.GetMedicine" name="add_Product" time="3.017"/>
  <testcase classname="medicarecapstone.GetMedicine" name="update_ProductName" time="0.073"/>
  <testcase classname="medicarecapstone.GetMedicine" name="update_ProductStatus" time="0.068"/>
  <testcase classname="medicarecapstone.GetMedicine" name="deleteProduct" time="0.07"/>
  <testcase classname="medicarecapstone.GetMedicine" name="get_all_products" time="0.053"/>
  <testcase classname="medicarecapstone.GetMedicine" name="get_all_registered_users" time="0.057"/>
</testsuite> <!-- Default test -->
